Release 14.7 - xst P.20131013 (nt64)
Copyright (c) 1995-2013 Xilinx, Inc.  All rights reserved.
--> Parameter TMPDIR set to xst/projnav.tmp


Total REAL time to Xst completion: 0.00 secs
Total CPU time to Xst completion: 0.11 secs
 
--> Parameter xsthdpdir set to xst


Total REAL time to Xst completion: 0.00 secs
Total CPU time to Xst completion: 0.11 secs
 
--> Reading design: MIPS.prj

TABLE OF CONTENTS
  1) Synthesis Options Summary
  2) HDL Parsing
  3) HDL Elaboration
  4) HDL Synthesis
       4.1) HDL Synthesis Report
  5) Advanced HDL Synthesis
       5.1) Advanced HDL Synthesis Report
  6) Low Level Synthesis
  7) Partition Report
  8) Design Summary
       8.1) Primitive and Black Box Usage
       8.2) Device utilization summary
       8.3) Partition Resource Summary
       8.4) Timing Report
            8.4.1) Clock Information
            8.4.2) Asynchronous Control Signals Information
            8.4.3) Timing Summary
            8.4.4) Timing Details
            8.4.5) Cross Clock Domains Report


=========================================================================
*                      Synthesis Options Summary                        *
=========================================================================
---- Source Parameters
Input File Name                    : "MIPS.prj"
Ignore Synthesis Constraint File   : NO

---- Target Parameters
Output File Name                   : "MIPS"
Output Format                      : NGC
Target Device                      : xc7a100t-3-csg324

---- Source Options
Top Module Name                    : MIPS
Automatic FSM Extraction           : YES
FSM Encoding Algorithm             : Auto
Safe Implementation                : No
FSM Style                          : LUT
RAM Extraction                     : Yes
RAM Style                          : Auto
ROM Extraction                     : Yes
Shift Register Extraction          : YES
ROM Style                          : Auto
Resource Sharing                   : YES
Asynchronous To Synchronous        : NO
Shift Register Minimum Size        : 2
Use DSP Block                      : Auto
Automatic Register Balancing       : No

---- Target Options
LUT Combining                      : Auto
Reduce Control Sets                : Auto
Add IO Buffers                     : YES
Global Maximum Fanout              : 100000
Add Generic Clock Buffer(BUFG)     : 32
Register Duplication               : YES
Optimize Instantiated Primitives   : NO
Use Clock Enable                   : Auto
Use Synchronous Set                : Auto
Use Synchronous Reset              : Auto
Pack IO Registers into IOBs        : Auto
Equivalent register Removal        : YES

---- General Options
Optimization Goal                  : Speed
Optimization Effort                : 1
Power Reduction                    : NO
Keep Hierarchy                     : No
Netlist Hierarchy                  : As_Optimized
RTL Output                         : Yes
Global Optimization                : AllClockNets
Read Cores                         : YES
Write Timing Constraints           : NO
Cross Clock Analysis               : NO
Hierarchy Separator                : /
Bus Delimiter                      : <>
Case Specifier                     : Maintain
Slice Utilization Ratio            : 100
BRAM Utilization Ratio             : 100
DSP48 Utilization Ratio            : 100
Auto BRAM Packing                  : NO
Slice Utilization Ratio Delta      : 5

=========================================================================


=========================================================================
*                          HDL Parsing                                  *
=========================================================================
Parsing VHDL file "F:\JUDY_ESSAM\sign_extend.vhd" into library work
Parsing entity <sign_extend>.
Parsing architecture <Behavioral> of entity <sign_extend>.
Parsing VHDL file "F:\JUDY_ESSAM\shift_left_2.vhd" into library work
Parsing entity <shift_left_2>.
Parsing architecture <Behavioral> of entity <shift_left_2>.
Parsing VHDL file "F:\JUDY_ESSAM\register_2.vhd" into library work
Parsing entity <register_2>.
Parsing architecture <Behavioral> of entity <register_2>.
Parsing VHDL file "F:\JUDY_ESSAM\pc.vhd" into library work
Parsing entity <pc>.
Parsing architecture <Behavioral> of entity <pc>.
Parsing VHDL file "F:\JUDY_ESSAM\Mux_5_Bits.vhd" into library work
Parsing entity <Mux_5_Bits>.
Parsing architecture <Behavioral> of entity <mux_5_bits>.
Parsing VHDL file "F:\JUDY_ESSAM\MUX32.vhd" into library work
Parsing entity <MUX32>.
Parsing architecture <Behavioral> of entity <mux32>.
Parsing VHDL file "F:\JUDY_ESSAM\Memory.vhd" into library work
Parsing entity <Memory>.
Parsing architecture <Behave> of entity <memory>.
Parsing VHDL file "F:\JUDY_ESSAM\Instruction_Memory.vhd" into library work
Parsing entity <Instruction_Memory>.
Parsing architecture <Behavioral> of entity <instruction_memory>.
Parsing VHDL file "F:\JUDY_ESSAM\alu_control_22.vhd" into library work
Parsing entity <alu_control_22>.
Parsing architecture <Behavioral> of entity <alu_control_22>.
Parsing VHDL file "F:\JUDY_ESSAM\Alu_control.vhd" into library work
Parsing entity <Alu_control>.
Parsing architecture <Behavioral> of entity <alu_control>.
Parsing VHDL file "F:\JUDY_ESSAM\Alu_221000519.vhd" into library work
Parsing entity <Alu_221000519>.
Parsing architecture <Behavioral> of entity <alu_221000519>.
Parsing VHDL file "F:\JUDY_ESSAM\adder32.vhd" into library work
Parsing entity <adder32>.
Parsing architecture <Behavioral> of entity <adder32>.
Parsing VHDL file "F:\JUDY_ESSAM\MIPS.vhd" into library work
Parsing entity <MIPS>.
Parsing architecture <Behavioral> of entity <mips>.
WARNING:HDLCompiler:946 - "F:\JUDY_ESSAM\MIPS.vhd" Line 287: Actual for formal port sel is neither a static name nor a globally static expression

=========================================================================
*                            HDL Elaboration                            *
=========================================================================

Elaborating entity <MIPS> (architecture <Behavioral>) from library <work>.

Elaborating entity <pc> (architecture <Behavioral>) from library <work>.
WARNING:HDLCompiler:92 - "F:\JUDY_ESSAM\pc.vhd" Line 44: clk should be on the sensitivity list of the process
WARNING:HDLCompiler:92 - "F:\JUDY_ESSAM\pc.vhd" Line 46: clk should be on the sensitivity list of the process

Elaborating entity <Instruction_Memory> (architecture <Behavioral>) from library <work>.
WARNING:HDLCompiler:92 - "F:\JUDY_ESSAM\Instruction_Memory.vhd" Line 55: array_instructionmemory should be on the sensitivity list of the process
WARNING:HDLCompiler:92 - "F:\JUDY_ESSAM\Instruction_Memory.vhd" Line 56: array_instructionmemory should be on the sensitivity list of the process
WARNING:HDLCompiler:92 - "F:\JUDY_ESSAM\Instruction_Memory.vhd" Line 57: array_instructionmemory should be on the sensitivity list of the process
WARNING:HDLCompiler:92 - "F:\JUDY_ESSAM\Instruction_Memory.vhd" Line 58: array_instructionmemory should be on the sensitivity list of the process

Elaborating entity <sign_extend> (architecture <Behavioral>) from library <work>.

Elaborating entity <alu_control_22> (architecture <Behavioral>) from library <work>.

Elaborating entity <Mux_5_Bits> (architecture <Behavioral>) from library <work>.

Elaborating entity <register_2> (architecture <Behavioral>) from library <work>.

Elaborating entity <Alu_control> (architecture <Behavioral>) from library <work>.

Elaborating entity <MUX32> (architecture <Behavioral>) from library <work>.

Elaborating entity <Alu_221000519> (architecture <Behavioral>) from library <work>.

Elaborating entity <Memory> (architecture <Behave>) from library <work>.
WARNING:HDLCompiler:92 - "F:\JUDY_ESSAM\Memory.vhd" Line 43: miniram should be on the sensitivity list of the process
WARNING:HDLCompiler:92 - "F:\JUDY_ESSAM\Memory.vhd" Line 44: miniram should be on the sensitivity list of the process
WARNING:HDLCompiler:92 - "F:\JUDY_ESSAM\Memory.vhd" Line 45: miniram should be on the sensitivity list of the process
WARNING:HDLCompiler:92 - "F:\JUDY_ESSAM\Memory.vhd" Line 46: miniram should be on the sensitivity list of the process

Elaborating entity <shift_left_2> (architecture <Behavioral>) from library <work>.

Elaborating entity <adder32> (architecture <Behavioral>) from library <work>.
WARNING:HDLCompiler:1127 - "F:\JUDY_ESSAM\MIPS.vhd" Line 283: Assignment to branchandzero ignored, since the identifier is never used
WARNING:Xst:2972 - "F:\JUDY_ESSAM\MIPS.vhd" line 204. All outputs of instance <PC_Component> of block <pc> are unconnected in block <MIPS>. Underlying logic will be removed.
WARNING:Xst:2972 - "F:\JUDY_ESSAM\MIPS.vhd" line 208. All outputs of instance <IR_Component> of block <Instruction_Memory> are unconnected in block <MIPS>. Underlying logic will be removed.
WARNING:Xst:2972 - "F:\JUDY_ESSAM\MIPS.vhd" line 221. All outputs of instance <SignExtend_Component> of block <sign_extend> are unconnected in block <MIPS>. Underlying logic will be removed.
WARNING:Xst:2972 - "F:\JUDY_ESSAM\MIPS.vhd" line 225. All outputs of instance <CU_Component> of block <alu_control_22> are unconnected in block <MIPS>. Underlying logic will be removed.
WARNING:Xst:2972 - "F:\JUDY_ESSAM\MIPS.vhd" line 236. All outputs of instance <RegDstMux_Component> of block <Mux_5_Bits> are unconnected in block <MIPS>. Underlying logic will be removed.
WARNING:Xst:2972 - "F:\JUDY_ESSAM\MIPS.vhd" line 242. All outputs of instance <RegFiles_Component> of block <register_2> are unconnected in block <MIPS>. Underlying logic will be removed.
WARNING:Xst:2972 - "F:\JUDY_ESSAM\MIPS.vhd" line 252. All outputs of instance <AluControl_Component> of block <Alu_control> are unconnected in block <MIPS>. Underlying logic will be removed.
WARNING:Xst:2972 - "F:\JUDY_ESSAM\MIPS.vhd" line 259. All outputs of instance <AluSrcMux> of block <MUX32> are unconnected in block <MIPS>. Underlying logic will be removed.
WARNING:Xst:2972 - "F:\JUDY_ESSAM\MIPS.vhd" line 265. All outputs of instance <Alu_Component> of block <Alu_221000519> are unconnected in block <MIPS>. Underlying logic will be removed.
WARNING:Xst:2972 - "F:\JUDY_ESSAM\MIPS.vhd" line 267. All outputs of instance <Data_Memory_Component> of block <Memory> are unconnected in block <MIPS>. Underlying logic will be removed.
WARNING:Xst:2972 - "F:\JUDY_ESSAM\MIPS.vhd" line 269. All outputs of instance <MemToRegMux_Component> of block <MUX32> are unconnected in block <MIPS>. Underlying logic will be removed.
WARNING:Xst:2972 - "F:\JUDY_ESSAM\MIPS.vhd" line 271. All outputs of instance <ShiftLeft_2_Component> of block <shift_left_2> are unconnected in block <MIPS>. Underlying logic will be removed.
WARNING:Xst:2972 - "F:\JUDY_ESSAM\MIPS.vhd" line 273. All outputs of instance <PCAdder_Component> of block <adder32> are unconnected in block <MIPS>. Underlying logic will be removed.
WARNING:Xst:2972 - "F:\JUDY_ESSAM\MIPS.vhd" line 278. All outputs of instance <BranchAdder_Component> of block <adder32> are unconnected in block <MIPS>. Underlying logic will be removed.
WARNING:Xst:2972 - "F:\JUDY_ESSAM\MIPS.vhd" line 284. All outputs of instance <BranchMux_Component> of block <MUX32> are unconnected in block <MIPS>. Underlying logic will be removed.

=========================================================================
*                           HDL Synthesis                               *
=========================================================================

Synthesizing Unit <MIPS>.
    Related source file is "F:\JUDY_ESSAM\MIPS.vhd".
    Summary:
	no macro.
Unit <MIPS> synthesized.

=========================================================================
HDL Synthesis Report

Found no macro
=========================================================================

=========================================================================
*                       Advanced HDL Synthesis                          *
=========================================================================


=========================================================================
Advanced HDL Synthesis Report

Found no macro
=========================================================================

=========================================================================
*                         Low Level Synthesis                           *
=========================================================================

Optimizing unit <MIPS> ...

Mapping all equations...
Building and optimizing final netlist ...
Found area constraint ratio of 100 (+ 5) on block MIPS, actual ratio is 0.

Final Macro Processing ...

=========================================================================
Final Register Report

Found no macro
=========================================================================

=========================================================================
*                           Partition Report                            *
=========================================================================

Partition Implementation Status
-------------------------------

  No Partitions were found in this design.

-------------------------------

=========================================================================
*                            Design Summary                             *
=========================================================================

Top Level Output File Name         : MIPS.ngc

Primitive and Black Box Usage:
------------------------------

Device utilization summary:
---------------------------

Selected Device : 7a100tcsg324-3 


Slice Logic Utilization: 

Slice Logic Distribution: 
 Number of LUT Flip Flop pairs used:      0
   Number with an unused Flip Flop:       0  out of      0         
   Number with an unused LUT:             0  out of      0         
   Number of fully used LUT-FF pairs:     0  out of      0         
   Number of unique control sets:         0

IO Utilization: 
 Number of IOs:                           1
 Number of bonded IOBs:                   0  out of    210     0%  

Specific Feature Utilization:

---------------------------
Partition Resource Summary:
---------------------------

  No Partitions were found in this design.

---------------------------


=========================================================================
Timing Report

NOTE: THESE TIMING NUMBERS ARE ONLY A SYNTHESIS ESTIMATE.
      FOR ACCURATE TIMING INFORMATION PLEASE REFER TO THE TRACE REPORT
      GENERATED AFTER PLACE-and-ROUTE.

Clock Information:
------------------
No clock signals found in this design

Asynchronous Control Signals Information:
----------------------------------------
No asynchronous control signals found in this design

Timing Summary:
---------------
Speed Grade: -3

   Minimum period: No path found
   Minimum input arrival time before clock: No path found
   Maximum output required time after clock: No path found
   Maximum combinational path delay: No path found

Timing Details:
---------------
All values displayed in nanoseconds (ns)

=========================================================================

Cross Clock Domains Report:
--------------------------

=========================================================================


Total REAL time to Xst completion: 8.00 secs
Total CPU time to Xst completion: 7.72 secs
 
--> 

Total memory usage is 4616940 kilobytes

Number of errors   :    0 (   0 filtered)
Number of warnings :   27 (   0 filtered)
Number of infos    :    0 (   0 filtered)

